<?xml version="1.0" encoding="UTF-8"?>
<testng-results skipped="0" failed="0" total="1" passed="1">
  <reporter-output>
  </reporter-output>
  <suite name="Default suite" duration-ms="50960" started-at="2017-01-03T17:06:03Z" finished-at="2017-01-03T17:06:54Z">
    <groups>
    </groups>
    <test name="Default test" duration-ms="50960" started-at="2017-01-03T17:06:03Z" finished-at="2017-01-03T17:06:54Z">
      <class name="com.test.com.auto.App">
        <test-method status="PASS" signature="setup()[pri:0, instance:com.test.com.auto.App@5a63f509]" name="setup" is-config="true" duration-ms="46511" started-at="2017-01-03T11:06:03Z" finished-at="2017-01-03T11:06:50Z">
          <reporter-output>
          </reporter-output>
        </test-method> <!-- setup -->
        <test-method status="PASS" signature="test1()[pri:0, instance:com.test.com.auto.App@5a63f509]" name="test1" duration-ms="981" started-at="2017-01-03T11:06:50Z" finished-at="2017-01-03T11:06:51Z">
          <reporter-output>
          </reporter-output>
        </test-method> <!-- test1 -->
        <test-method status="PASS" signature="quit()[pri:0, instance:com.test.com.auto.App@5a63f509]" name="quit" is-config="true" duration-ms="3454" started-at="2017-01-03T11:06:51Z" finished-at="2017-01-03T11:06:54Z">
          <reporter-output>
          </reporter-output>
        </test-method> <!-- quit -->
      </class> <!-- com.test.com.auto.App -->
    </test> <!-- Default test -->
  </suite> <!-- Default suite -->
</testng-results>
